<?xml version="1.0" encoding="UTF-8"?>
<testsuite xmlns:xsi="http://www.w3.org/2001/XMLSchema-instance" xsi:noNamespaceSchemaLocation="https://maven.apache.org/surefire/maven-surefire-plugin/xsd/surefire-test-report-3.0.xsd" version="3.0" name="TestSuite" time="71.303" tests="14" errors="0" skipped="0" failures="0">
  <properties>
    <property name="gopherProxySet" value="false"/>
    <property name="awt.toolkit" value="sun.lwawt.macosx.LWCToolkit"/>
    <property name="java.specification.version" value="11"/>
    <property name="webdriver.chrome.driver" value="/Users/isshu/Desktop/Test_Automation/Selenium_Drivers/chromedriver"/>
    <property name="sun.cpu.isalist" value=""/>
    <property name="sun.jnu.encoding" value="UTF-8"/>
    <property name="java.class.path" value="/Users/isshu/eclipse-workspace/Twitter_Testing/target/test-classes:/Users/isshu/eclipse-workspace/Twitter_Testing/target/classes:/Users/isshu/.m2/repository/org/seleniumhq/selenium/selenium-chrome-driver/3.5.3/selenium-chrome-driver-3.5.3.jar:/Users/isshu/.m2/repository/org/seleniumhq/selenium/selenium-api/3.5.3/selenium-api-3.5.3.jar:/Users/isshu/.m2/repository/org/seleniumhq/selenium/selenium-remote-driver/3.5.3/selenium-remote-driver-3.5.3.jar:/Users/isshu/.m2/repository/cglib/cglib-nodep/3.2.4/cglib-nodep-3.2.4.jar:/Users/isshu/.m2/repository/org/apache/commons/commons-exec/1.3/commons-exec-1.3.jar:/Users/isshu/.m2/repository/commons-codec/commons-codec/1.10/commons-codec-1.10.jar:/Users/isshu/.m2/repository/commons-logging/commons-logging/1.2/commons-logging-1.2.jar:/Users/isshu/.m2/repository/com/google/code/gson/gson/2.8.0/gson-2.8.0.jar:/Users/isshu/.m2/repository/com/google/guava/guava/23.0/guava-23.0.jar:/Users/isshu/.m2/repository/com/google/code/findbugs/jsr305/1.3.9/jsr305-1.3.9.jar:/Users/isshu/.m2/repository/com/google/errorprone/error_prone_annotations/2.0.18/error_prone_annotations-2.0.18.jar:/Users/isshu/.m2/repository/com/google/j2objc/j2objc-annotations/1.1/j2objc-annotations-1.1.jar:/Users/isshu/.m2/repository/org/codehaus/mojo/animal-sniffer-annotations/1.14/animal-sniffer-annotations-1.14.jar:/Users/isshu/.m2/repository/org/apache/httpcomponents/httpclient/4.5.3/httpclient-4.5.3.jar:/Users/isshu/.m2/repository/org/apache/httpcomponents/httpcore/4.4.6/httpcore-4.4.6.jar:/Users/isshu/.m2/repository/net/java/dev/jna/jna/4.1.0/jna-4.1.0.jar:/Users/isshu/.m2/repository/net/java/dev/jna/jna-platform/4.1.0/jna-platform-4.1.0.jar:/Users/isshu/.m2/repository/io/github/bonigarcia/webdrivermanager/4.3.1/webdrivermanager-4.3.1.jar:/Users/isshu/.m2/repository/commons-io/commons-io/2.8.0/commons-io-2.8.0.jar:/Users/isshu/.m2/repository/org/apache/commons/commons-lang3/3.11/commons-lang3-3.11.jar:/Users/isshu/.m2/repository/org/apache/httpcomponents/client5/httpclient5/5.0.3/httpclient5-5.0.3.jar:/Users/isshu/.m2/repository/org/apache/httpcomponents/core5/httpcore5/5.0.2/httpcore5-5.0.2.jar:/Users/isshu/.m2/repository/org/apache/httpcomponents/core5/httpcore5-h2/5.0.2/httpcore5-h2-5.0.2.jar:/Users/isshu/.m2/repository/org/rauschig/jarchivelib/1.1.0/jarchivelib-1.1.0.jar:/Users/isshu/.m2/repository/org/apache/commons/commons-compress/1.20/commons-compress-1.20.jar:/Users/isshu/.m2/repository/org/jsoup/jsoup/1.13.1/jsoup-1.13.1.jar:/Users/isshu/.m2/repository/org/testng/testng/6.14.3/testng-6.14.3.jar:/Users/isshu/.m2/repository/com/beust/jcommander/1.72/jcommander-1.72.jar:/Users/isshu/.m2/repository/org/apache-extras/beanshell/bsh/2.0b6/bsh-2.0b6.jar:/Users/isshu/.m2/repository/org/slf4j/slf4j-api/1.6.6/slf4j-api-1.6.6.jar:/Users/isshu/.m2/repository/org/slf4j/slf4j-simple/1.6.6/slf4j-simple-1.6.6.jar:/Users/isshu/.m2/repository/org/apache/poi/poi-ooxml/3.9/poi-ooxml-3.9.jar:/Users/isshu/.m2/repository/org/apache/poi/poi-ooxml-schemas/3.9/poi-ooxml-schemas-3.9.jar:/Users/isshu/.m2/repository/org/apache/xmlbeans/xmlbeans/2.3.0/xmlbeans-2.3.0.jar:/Users/isshu/.m2/repository/stax/stax-api/1.0.1/stax-api-1.0.1.jar:/Users/isshu/.m2/repository/dom4j/dom4j/1.6.1/dom4j-1.6.1.jar:/Users/isshu/.m2/repository/xml-apis/xml-apis/1.0.b2/xml-apis-1.0.b2.jar:/Users/isshu/.m2/repository/org/apache/poi/poi/3.9/poi-3.9.jar:/Users/isshu/.m2/repository/com/relevantcodes/extentreports/2.41.2/extentreports-2.41.2.jar:/Users/isshu/.m2/repository/org/xerial/sqlite-jdbc/3.8.11.1/sqlite-jdbc-3.8.11.1.jar:/Users/isshu/.m2/repository/org/freemarker/freemarker/2.3.23/freemarker-2.3.23.jar:/Users/isshu/.m2/repository/org/mongodb/mongodb-driver/3.0.4/mongodb-driver-3.0.4.jar:/Users/isshu/.m2/repository/org/mongodb/bson/3.0.4/bson-3.0.4.jar:/Users/isshu/.m2/repository/org/mongodb/mongodb-driver-core/3.0.4/mongodb-driver-core-3.0.4.jar:"/>
    <property name="java.vm.vendor" value="Oracle Corporation"/>
    <property name="sun.arch.data.model" value="64"/>
    <property name="java.vendor.url" value="http://java.oracle.com/"/>
    <property name="user.timezone" value="Asia/Kolkata"/>
    <property name="java.vm.specification.version" value="11"/>
    <property name="os.name" value="Mac OS X"/>
    <property name="sun.java.launcher" value="SUN_STANDARD"/>
    <property name="user.country" value="IN"/>
    <property name="sun.boot.library.path" value="/Library/Java/JavaVirtualMachines/openjdk-11.0.2.jdk/Contents/Home/lib"/>
    <property name="sun.java.command" value="/Users/isshu/eclipse-workspace/Twitter_Testing/target/surefire/surefirebooter5726771611669059365.jar /Users/isshu/eclipse-workspace/Twitter_Testing/target/surefire 2021-04-07T01-21-52_906-jvmRun1 surefire9161045514831337349tmp surefire_0303732176383494306tmp"/>
    <property name="http.nonProxyHosts" value="local|*.local|169.254/16|*.169.254/16"/>
    <property name="jdk.debug" value="release"/>
    <property name="surefire.test.class.path" value="/Users/isshu/eclipse-workspace/Twitter_Testing/target/test-classes:/Users/isshu/eclipse-workspace/Twitter_Testing/target/classes:/Users/isshu/.m2/repository/org/seleniumhq/selenium/selenium-chrome-driver/3.5.3/selenium-chrome-driver-3.5.3.jar:/Users/isshu/.m2/repository/org/seleniumhq/selenium/selenium-api/3.5.3/selenium-api-3.5.3.jar:/Users/isshu/.m2/repository/org/seleniumhq/selenium/selenium-remote-driver/3.5.3/selenium-remote-driver-3.5.3.jar:/Users/isshu/.m2/repository/cglib/cglib-nodep/3.2.4/cglib-nodep-3.2.4.jar:/Users/isshu/.m2/repository/org/apache/commons/commons-exec/1.3/commons-exec-1.3.jar:/Users/isshu/.m2/repository/commons-codec/commons-codec/1.10/commons-codec-1.10.jar:/Users/isshu/.m2/repository/commons-logging/commons-logging/1.2/commons-logging-1.2.jar:/Users/isshu/.m2/repository/com/google/code/gson/gson/2.8.0/gson-2.8.0.jar:/Users/isshu/.m2/repository/com/google/guava/guava/23.0/guava-23.0.jar:/Users/isshu/.m2/repository/com/google/code/findbugs/jsr305/1.3.9/jsr305-1.3.9.jar:/Users/isshu/.m2/repository/com/google/errorprone/error_prone_annotations/2.0.18/error_prone_annotations-2.0.18.jar:/Users/isshu/.m2/repository/com/google/j2objc/j2objc-annotations/1.1/j2objc-annotations-1.1.jar:/Users/isshu/.m2/repository/org/codehaus/mojo/animal-sniffer-annotations/1.14/animal-sniffer-annotations-1.14.jar:/Users/isshu/.m2/repository/org/apache/httpcomponents/httpclient/4.5.3/httpclient-4.5.3.jar:/Users/isshu/.m2/repository/org/apache/httpcomponents/httpcore/4.4.6/httpcore-4.4.6.jar:/Users/isshu/.m2/repository/net/java/dev/jna/jna/4.1.0/jna-4.1.0.jar:/Users/isshu/.m2/repository/net/java/dev/jna/jna-platform/4.1.0/jna-platform-4.1.0.jar:/Users/isshu/.m2/repository/io/github/bonigarcia/webdrivermanager/4.3.1/webdrivermanager-4.3.1.jar:/Users/isshu/.m2/repository/commons-io/commons-io/2.8.0/commons-io-2.8.0.jar:/Users/isshu/.m2/repository/org/apache/commons/commons-lang3/3.11/commons-lang3-3.11.jar:/Users/isshu/.m2/repository/org/apache/httpcomponents/client5/httpclient5/5.0.3/httpclient5-5.0.3.jar:/Users/isshu/.m2/repository/org/apache/httpcomponents/core5/httpcore5/5.0.2/httpcore5-5.0.2.jar:/Users/isshu/.m2/repository/org/apache/httpcomponents/core5/httpcore5-h2/5.0.2/httpcore5-h2-5.0.2.jar:/Users/isshu/.m2/repository/org/rauschig/jarchivelib/1.1.0/jarchivelib-1.1.0.jar:/Users/isshu/.m2/repository/org/apache/commons/commons-compress/1.20/commons-compress-1.20.jar:/Users/isshu/.m2/repository/org/jsoup/jsoup/1.13.1/jsoup-1.13.1.jar:/Users/isshu/.m2/repository/org/testng/testng/6.14.3/testng-6.14.3.jar:/Users/isshu/.m2/repository/com/beust/jcommander/1.72/jcommander-1.72.jar:/Users/isshu/.m2/repository/org/apache-extras/beanshell/bsh/2.0b6/bsh-2.0b6.jar:/Users/isshu/.m2/repository/org/slf4j/slf4j-api/1.6.6/slf4j-api-1.6.6.jar:/Users/isshu/.m2/repository/org/slf4j/slf4j-simple/1.6.6/slf4j-simple-1.6.6.jar:/Users/isshu/.m2/repository/org/apache/poi/poi-ooxml/3.9/poi-ooxml-3.9.jar:/Users/isshu/.m2/repository/org/apache/poi/poi-ooxml-schemas/3.9/poi-ooxml-schemas-3.9.jar:/Users/isshu/.m2/repository/org/apache/xmlbeans/xmlbeans/2.3.0/xmlbeans-2.3.0.jar:/Users/isshu/.m2/repository/stax/stax-api/1.0.1/stax-api-1.0.1.jar:/Users/isshu/.m2/repository/dom4j/dom4j/1.6.1/dom4j-1.6.1.jar:/Users/isshu/.m2/repository/xml-apis/xml-apis/1.0.b2/xml-apis-1.0.b2.jar:/Users/isshu/.m2/repository/org/apache/poi/poi/3.9/poi-3.9.jar:/Users/isshu/.m2/repository/com/relevantcodes/extentreports/2.41.2/extentreports-2.41.2.jar:/Users/isshu/.m2/repository/org/xerial/sqlite-jdbc/3.8.11.1/sqlite-jdbc-3.8.11.1.jar:/Users/isshu/.m2/repository/org/freemarker/freemarker/2.3.23/freemarker-2.3.23.jar:/Users/isshu/.m2/repository/org/mongodb/mongodb-driver/3.0.4/mongodb-driver-3.0.4.jar:/Users/isshu/.m2/repository/org/mongodb/bson/3.0.4/bson-3.0.4.jar:/Users/isshu/.m2/repository/org/mongodb/mongodb-driver-core/3.0.4/mongodb-driver-core-3.0.4.jar:"/>
    <property name="sun.cpu.endian" value="little"/>
    <property name="user.home" value="/Users/isshu"/>
    <property name="user.language" value="en"/>
    <property name="java.specification.vendor" value="Oracle Corporation"/>
    <property name="java.version.date" value="2019-01-15"/>
    <property name="java.home" value="/Library/Java/JavaVirtualMachines/openjdk-11.0.2.jdk/Contents/Home"/>
    <property name="file.separator" value="/"/>
    <property name="basedir" value="/Users/isshu/eclipse-workspace/Twitter_Testing"/>
    <property name="java.vm.compressedOopsMode" value="Zero based"/>
    <property name="line.separator" value="&#10;"/>
    <property name="java.specification.name" value="Java Platform API Specification"/>
    <property name="java.vm.specification.vendor" value="Oracle Corporation"/>
    <property name="java.awt.graphicsenv" value="sun.awt.CGraphicsEnvironment"/>
    <property name="suiteXMLFile" value="testng.xml&#13;"/>
    <property name="surefire.real.class.path" value="/Users/isshu/eclipse-workspace/Twitter_Testing/target/surefire/surefirebooter5726771611669059365.jar"/>
    <property name="sun.management.compiler" value="HotSpot 64-Bit Tiered Compilers"/>
    <property name="ftp.nonProxyHosts" value="local|*.local|169.254/16|*.169.254/16"/>
    <property name="java.runtime.version" value="11.0.2+9"/>
    <property name="user.name" value="isshu"/>
    <property name="path.separator" value=":"/>
    <property name="os.version" value="10.16"/>
    <property name="java.runtime.name" value="OpenJDK Runtime Environment"/>
    <property name="file.encoding" value="UTF-8"/>
    <property name="java.vm.name" value="OpenJDK 64-Bit Server VM"/>
    <property name="java.vendor.version" value="18.9"/>
    <property name="localRepository" value="/Users/isshu/.m2/repository"/>
    <property name="java.vendor.url.bug" value="http://bugreport.java.com/bugreport/"/>
    <property name="java.io.tmpdir" value="/var/folders/b7/sxzcdqvs66x0t4t4r5rxp0nh0000gn/T/"/>
    <property name="java.version" value="11.0.2"/>
    <property name="user.dir" value="/Users/isshu/eclipse-workspace/Twitter_Testing"/>
    <property name="os.arch" value="x86_64"/>
    <property name="java.vm.specification.name" value="Java Virtual Machine Specification"/>
    <property name="java.awt.printerjob" value="sun.lwawt.macosx.CPrinterJob"/>
    <property name="sun.os.patch.level" value="unknown"/>
    <property name="java.library.path" value="/Users/isshu/Library/Java/Extensions:/Library/Java/Extensions:/Network/Library/Java/Extensions:/System/Library/Java/Extensions:/usr/lib/java:."/>
    <property name="java.vendor" value="Oracle Corporation"/>
    <property name="java.vm.info" value="mixed mode"/>
    <property name="java.vm.version" value="11.0.2+9"/>
    <property name="sun.io.unicode.encoding" value="UnicodeBig"/>
    <property name="java.class.version" value="55.0"/>
    <property name="socksNonProxyHosts" value="local|*.local|169.254/16|*.169.254/16"/>
  </properties>
  <testcase name="tc_001" classname="twitter.testcases.TC_HealthCheck" time="6.167">
    <system-out><![CDATA[[TestNGContentHandler] [WARN] It is strongly recommended to add "<!DOCTYPE suite SYSTEM "http://testng.org/testng-1.0.dtd" >" at the top of your file, otherwise TestNG may fail or not work as expected.
]]></system-out>
    <system-err><![CDATA[375 [main] INFO io.github.bonigarcia.wdm.WebDriverManager - Using chromedriver 89.0.4389.23 (resolved driver for Chrome 89)
410 [main] INFO io.github.bonigarcia.wdm.WebDriverManager - Exporting webdriver.chrome.driver as /Users/isshu/.cache/selenium/chromedriver/mac64/89.0.4389.23/chromedriver
Starting ChromeDriver 89.0.4389.23 (61b08ee2c50024bab004e48d2b1b083cdbdac579-refs/branch-heads/4389@{#294}) on port 18252
Only local connections are allowed.
Please see https://chromedriver.chromium.org/security-considerations for suggestions on keeping ChromeDriver safe.
ChromeDriver was started successfully.
Apr 07, 2021 1:22:12 AM org.openqa.selenium.remote.ProtocolHandshake createSession
INFO: Detected dialect: W3C
]]></system-err>
  </testcase>
  <testcase name="tc_001" classname="twitter.testcases.TC_HealthCheck" time="6.116">
    <system-err><![CDATA[15536 [main] INFO io.github.bonigarcia.wdm.WebDriverManager - Using chromedriver 89.0.4389.23 (resolved driver for Chrome 89)
15542 [main] INFO io.github.bonigarcia.wdm.WebDriverManager - Exporting webdriver.chrome.driver as /Users/isshu/.cache/selenium/chromedriver/mac64/89.0.4389.23/chromedriver
Starting ChromeDriver 89.0.4389.23 (61b08ee2c50024bab004e48d2b1b083cdbdac579-refs/branch-heads/4389@{#294}) on port 36153
Only local connections are allowed.
Please see https://chromedriver.chromium.org/security-considerations for suggestions on keeping ChromeDriver safe.
ChromeDriver was started successfully.
Apr 07, 2021 1:22:24 AM org.openqa.selenium.remote.ProtocolHandshake createSession
INFO: Detected dialect: W3C
]]></system-err>
  </testcase>
  <testcase name="tc_001_Login[isshuchoudhary99@gmail.com, Sinrsb1699#](1)" classname="twitter.testcases.console.ConsoleTests" time="14.486">
    <system-err><![CDATA[26316 [main] INFO io.github.bonigarcia.wdm.WebDriverManager - Using chromedriver 89.0.4389.23 (resolved driver for Chrome 89)
26322 [main] INFO io.github.bonigarcia.wdm.WebDriverManager - Exporting webdriver.chrome.driver as /Users/isshu/.cache/selenium/chromedriver/mac64/89.0.4389.23/chromedriver
Starting ChromeDriver 89.0.4389.23 (61b08ee2c50024bab004e48d2b1b083cdbdac579-refs/branch-heads/4389@{#294}) on port 41306
Only local connections are allowed.
Please see https://chromedriver.chromium.org/security-considerations for suggestions on keeping ChromeDriver safe.
ChromeDriver was started successfully.
Apr 07, 2021 1:22:35 AM org.openqa.selenium.remote.ProtocolHandshake createSession
INFO: Detected dialect: W3C
]]></system-err>
  </testcase>
  <testcase name="tc_002_Explore_Tab" classname="twitter.testcases.console.ConsoleTests" time="0.088">
    <system-out><![CDATA[Error Encountered
]]></system-out>
  </testcase>
  <testcase name="tc_003_Notifications_Tab" classname="twitter.testcases.console.ConsoleTests" time="0.062">
    <system-out><![CDATA[Error Encountered
]]></system-out>
  </testcase>
  <testcase name="tc_004_Messages_Tab" classname="twitter.testcases.console.ConsoleTests" time="0.028">
    <system-out><![CDATA[Error Encountered
]]></system-out>
  </testcase>
  <testcase name="tc_005_Bookmarks_Tab" classname="twitter.testcases.console.ConsoleTests" time="0.025">
    <system-out><![CDATA[Error Encountered
]]></system-out>
  </testcase>
  <testcase name="tc_006_Lists_Tab" classname="twitter.testcases.console.ConsoleTests" time="0.019">
    <system-out><![CDATA[Error Encountered
]]></system-out>
  </testcase>
  <testcase name="tc_007_Profile_Tab" classname="twitter.testcases.console.ConsoleTests" time="0.017">
    <system-out><![CDATA[Error Encountered
]]></system-out>
  </testcase>
  <testcase name="tc_001_Login[isshuchoudhary99@gmail.com, Sinrsb1699#](1)" classname="twitter.testcases.console.ProfileTest" time="14.654">
    <system-err><![CDATA[46179 [main] INFO io.github.bonigarcia.wdm.WebDriverManager - Using chromedriver 89.0.4389.23 (resolved driver for Chrome 89)
46191 [main] INFO io.github.bonigarcia.wdm.WebDriverManager - Exporting webdriver.chrome.driver as /Users/isshu/.cache/selenium/chromedriver/mac64/89.0.4389.23/chromedriver
Starting ChromeDriver 89.0.4389.23 (61b08ee2c50024bab004e48d2b1b083cdbdac579-refs/branch-heads/4389@{#294}) on port 20813
Only local connections are allowed.
Please see https://chromedriver.chromium.org/security-considerations for suggestions on keeping ChromeDriver safe.
ChromeDriver was started successfully.
Apr 07, 2021 1:22:55 AM org.openqa.selenium.remote.ProtocolHandshake createSession
INFO: Detected dialect: W3C
]]></system-err>
  </testcase>
  <testcase name="tc_002_Profile_Tab" classname="twitter.testcases.console.ProfileTest" time="0.038">
    <system-out><![CDATA[Error Encountered
]]></system-out>
  </testcase>
  <testcase name="tc_003_Overall_Profile_Checks" classname="twitter.testcases.console.ProfileTest" time="0.056">
    <system-out><![CDATA[Error Encountered
]]></system-out>
  </testcase>
  <testcase name="tc_004_Profile_Followers_and_Following_Checks" classname="twitter.testcases.console.ProfileTest" time="0.024">
    <system-out><![CDATA[Error Encountered
]]></system-out>
  </testcase>
  <testcase name="tc_005_Profile_Logout" classname="twitter.testcases.console.ProfileTest" time="0.022">
    <system-out><![CDATA[Error Encountered
]]></system-out>
  </testcase>
</testsuite>