<?xml version="1.0" encoding="UTF-8"?>
<!-- Generated by org.testng.reporters.JUnitReportReporter -->
<testsuite hostname="Devashishs-MacBook-Air.local" failures="0" tests="2" name="twitter.testcases.console.LikeFunctionalityTest" time="29.644" errors="0" timestamp="07 Apr 2021 12:58:48 GMT" skipped="0">
  <testcase classname="twitter.testcases.console.LikeFunctionalityTest" name="tc_001_Login" time="14.444"/>
  <testcase classname="twitter.testcases.console.LikeFunctionalityTest" name="tc_002_Search_article" time="15.200"/>
</testsuite> <!-- twitter.testcases.console.LikeFunctionalityTest -->
