<?xml version="1.0" encoding="UTF-8"?>
<!-- Generated by org.testng.reporters.JUnitReportReporter -->
<testsuite hostname="Devashishs-MacBook-Air.local" failures="0" tests="9" name="twitter.testcases.console.ConsoleTests" time="82.167" errors="0" timestamp="07 Apr 2021 13:27:08 GMT" skipped="0">
  <testcase classname="twitter.testcases.console.ConsoleTests" name="tc_001_Login" time="14.461"/>
  <testcase classname="twitter.testcases.console.ConsoleTests" name="tc_002_Explore_Tab" time="23.494"/>
  <testcase classname="twitter.testcases.console.ConsoleTests" name="tc_003_Notifications_Tab" time="8.298"/>
  <testcase classname="twitter.testcases.console.ConsoleTests" name="tc_004_Messages_Tab" time="4.242"/>
  <testcase classname="twitter.testcases.console.ConsoleTests" name="tc_005_Bookmarks_Tab" time="4.142"/>
  <testcase classname="twitter.testcases.console.ConsoleTests" name="tc_006_Lists_Tab" time="4.149"/>
  <testcase classname="twitter.testcases.console.ConsoleTests" name="tc_007_Profile_Tab" time="4.209"/>
  <testcase classname="twitter.testcases.console.ConsoleTests" name="tc_008_Search_articles" time="18.056"/>
  <testcase classname="twitter.testcases.console.ConsoleTests" name="tc_009_Tweet" time="1.116"/>
</testsuite> <!-- twitter.testcases.console.ConsoleTests -->
