<?xml version="1.0" encoding="UTF-8"?>
<!-- Generated by org.testng.reporters.JUnitReportReporter -->
<testsuite hostname="Devashishs-MacBook-Air.local" failures="0" tests="1" name="twitter.testcases.TC_HealthCheck" time="6.530" errors="0" timestamp="06 Apr 2021 19:41:26 GMT" skipped="0">
  <testcase classname="twitter.testcases.TC_HealthCheck" name="tc_001" time="6.530"/>
</testsuite> <!-- twitter.testcases.TC_HealthCheck -->
