<?xml version="1.0" encoding="UTF-8"?>
<!-- Generated by org.testng.reporters.JUnitReportReporter -->
<testsuite hostname="Devashishs-MacBook-Air.local" failures="0" tests="1" name="twitter.testcases.loginAndRegistration.LoginTests" time="14.814" errors="0" timestamp="07 Apr 2021 06:48:19 GMT" skipped="0">
  <testcase classname="twitter.testcases.loginAndRegistration.LoginTests" name="tc_001" time="14.814"/>
</testsuite> <!-- twitter.testcases.loginAndRegistration.LoginTests -->
