<?xml version="1.0" encoding="UTF-8"?>
<!-- Generated by org.testng.reporters.JUnitReportReporter -->
<testsuite hostname="Devashishs-MacBook-Air.local" failures="0" tests="1" name="FlowTest.TwitterFlowTest" time="0.748" errors="0" timestamp="07 Apr 2021 13:17:23 GMT" skipped="0">
  <testcase classname="FlowTest.TwitterFlowTest" name="tc_009_Tweet" time="0.748"/>
</testsuite> <!-- FlowTest.TwitterFlowTest -->
