<?xml version="1.0" encoding="UTF-8"?>
<!-- Generated by org.testng.reporters.JUnitReportReporter -->
<testsuite hostname="Devashishs-MacBook-Air.local" failures="0" tests="2" name="twitter.testcases.console.CommentFunctionalityTest" time="36.047" errors="0" timestamp="07 Apr 2021 12:56:17 GMT" skipped="0">
  <testcase classname="twitter.testcases.console.CommentFunctionalityTest" name="tc_001_Login" time="14.290"/>
  <testcase classname="twitter.testcases.console.CommentFunctionalityTest" name="tc_002_Search_article" time="21.757"/>
</testsuite> <!-- twitter.testcases.console.CommentFunctionalityTest -->
