<?xml version="1.0" encoding="UTF-8"?>
<!-- Generated by org.testng.reporters.JUnitReportReporter -->
<testsuite hostname="Devashishs-MacBook-Air.local" failures="0" tests="2" name="twitter.testcases.TC_HealthCheck" time="12.878" errors="0" timestamp="06 Apr 2021 19:53:13 GMT" skipped="0">
  <testcase classname="twitter.testcases.TC_HealthCheck" name="tc_001" time="6.213"/>
  <testcase classname="twitter.testcases.TC_HealthCheck" name="tc_001" time="6.665"/>
</testsuite> <!-- twitter.testcases.TC_HealthCheck -->
