<?xml version="1.0" encoding="UTF-8"?>
<!-- Generated by org.testng.reporters.JUnitReportReporter -->
<testsuite hostname="Devashishs-MacBook-Air.local" failures="0" tests="7" name="twitter.testcases.console.ConsoleTests" time="15.231" errors="0" timestamp="06 Apr 2021 19:53:13 GMT" skipped="0">
  <testcase classname="twitter.testcases.console.ConsoleTests" name="tc_001_Login" time="14.544"/>
  <testcase classname="twitter.testcases.console.ConsoleTests" name="tc_002_Explore_Tab" time="0.142"/>
  <testcase classname="twitter.testcases.console.ConsoleTests" name="tc_003_Notifications_Tab" time="0.115"/>
  <testcase classname="twitter.testcases.console.ConsoleTests" name="tc_004_Messages_Tab" time="0.077"/>
  <testcase classname="twitter.testcases.console.ConsoleTests" name="tc_005_Bookmarks_Tab" time="0.162"/>
  <testcase classname="twitter.testcases.console.ConsoleTests" name="tc_006_Lists_Tab" time="0.111"/>
  <testcase classname="twitter.testcases.console.ConsoleTests" name="tc_007_Profile_Tab" time="0.080"/>
</testsuite> <!-- twitter.testcases.console.ConsoleTests -->
