<?xml version="1.0" encoding="UTF-8"?>
<!-- Generated by org.testng.reporters.JUnitReportReporter -->
<testsuite hostname="Devashishs-MacBook-Air.local" failures="0" tests="5" name="twitter.testcases.console.ProfileTest" time="15.075" errors="0" timestamp="06 Apr 2021 19:53:13 GMT" skipped="0">
  <testcase classname="twitter.testcases.console.ProfileTest" name="tc_001_Login" time="14.699"/>
  <testcase classname="twitter.testcases.console.ProfileTest" name="tc_002_Profile_Tab" time="0.087"/>
  <testcase classname="twitter.testcases.console.ProfileTest" name="tc_003_Overall_Profile_Checks" time="0.141"/>
  <testcase classname="twitter.testcases.console.ProfileTest" name="tc_004_Profile_Followers_and_Following_Checks" time="0.073"/>
  <testcase classname="twitter.testcases.console.ProfileTest" name="tc_005_Profile_Logout" time="0.075"/>
</testsuite> <!-- twitter.testcases.console.ProfileTest -->
